<?xml version="1.0" encoding="UTF-8"?>
<testsuite xmlns:xsi="http://www.w3.org/2001/XMLSchema-instance" xsi:noNamespaceSchemaLocation="https://maven.apache.org/surefire/maven-surefire-plugin/xsd/surefire-test-report.xsd" name="com.example.promo.service.OrderServiceImplTest" time="0.067" tests="5" errors="0" skipped="0" failures="0">
  <properties>
[...]
</properties>
  <testcase name="getOrderList" classname="com.example.promo.service.OrderServiceImplTest" time="0.046"/>
  <testcase name="calculateTotalBillINDPromotionTest" classname="com.example.promo.service.OrderServiceImplTest" time="0.008"/>
  <testcase name="generateOrder" classname="com.example.promo.service.OrderServiceImplTest" time="0.001"/>
  <testcase name="calculateTotalBillAllItemsTest" classname="com.example.promo.service.OrderServiceImplTest" time="0.001"/>
  <testcase name="calculateTotalBillCOMBOPromotionTest" classname="com.example.promo.service.OrderServiceImplTest" time="0.001"/>
</testsuite>